[24/Dec/2023:11:51:36 +0800] 0:0:0:0:0:0:0:1 "GET /cas/login HTTP/1.1" 200 (3375 ms)
[24/Dec/2023:11:51:36 +0800] 0:0:0:0:0:0:0:1 "GET /cas/webjars/headjs/1.0.3/head.min.js HTTP/1.1" 200 (16 ms)
[24/Dec/2023:11:51:36 +0800] 0:0:0:0:0:0:0:1 "GET /cas/js/cas.js HTTP/1.1" 200 (16 ms)
[24/Dec/2023:11:51:36 +0800] 0:0:0:0:0:0:0:1 "GET /cas/webjars/jquery-cookie/1.4.1-1/jquery.cookie.js HTTP/1.1" 200 (16 ms)
[24/Dec/2023:11:51:36 +0800] 0:0:0:0:0:0:0:1 "GET /cas/webjars/store.js/1.3.17/store.min.js HTTP/1.1" 200 (15 ms)
[24/Dec/2023:11:51:36 +0800] 0:0:0:0:0:0:0:1 "GET /cas/css/cas.css HTTP/1.1" 200 (18 ms)
[24/Dec/2023:11:51:36 +0800] 0:0:0:0:0:0:0:1 "GET /cas/webjars/font-awesome/5.0.13/web-fonts-with-css/css/fontawesome-all.min.css HTTP/1.1" 200 (7 ms)
[24/Dec/2023:11:51:36 +0800] 0:0:0:0:0:0:0:1 "GET /cas/webjars/jquery/3.3.1/jquery.min.js HTTP/1.1" 200 (9 ms)
[24/Dec/2023:11:51:36 +0800] 0:0:0:0:0:0:0:1 "GET /cas/webjars/jquery-ui/1.12.1/jquery-ui.min.js HTTP/1.1" 200 (28 ms)
[24/Dec/2023:11:51:36 +0800] 0:0:0:0:0:0:0:1 "GET /cas/webjars/lato/0.3.0/css/lato.min.css HTTP/1.1" 200 (11 ms)
[24/Dec/2023:11:51:36 +0800] 0:0:0:0:0:0:0:1 "GET /cas/webjars/bootstrap/4.1.0/js/bootstrap.bundle.min.js HTTP/1.1" 200 (11 ms)
[24/Dec/2023:11:51:36 +0800] 0:0:0:0:0:0:0:1 "GET /cas/webjars/zxcvbn/4.3.0/zxcvbn.js HTTP/1.1" 200 (55 ms)
[24/Dec/2023:11:51:36 +0800] 0:0:0:0:0:0:0:1 "GET /cas/webjars/font-awesome/5.0.13/web-fonts-with-css/webfonts/fa-regular-400.woff2 HTTP/1.1" 200 (16 ms)
[24/Dec/2023:11:51:36 +0800] 0:0:0:0:0:0:0:1 "GET /cas/webjars/font-awesome/5.0.13/web-fonts-with-css/webfonts/fa-solid-900.woff2 HTTP/1.1" 200 (16 ms)
[24/Dec/2023:11:53:58 +0800] 0:0:0:0:0:0:0:1 "GET /cas/login HTTP/1.1" 200 (5490 ms)
[24/Dec/2023:11:53:59 +0800] 0:0:0:0:0:0:0:1 "GET /cas/webjars/lato/0.3.0/css/lato.min.css HTTP/1.1" 200 (14 ms)
[24/Dec/2023:11:53:59 +0800] 0:0:0:0:0:0:0:1 "GET /cas/webjars/font-awesome/5.0.13/web-fonts-with-css/css/fontawesome-all.min.css HTTP/1.1" 200 (17 ms)
[24/Dec/2023:11:53:59 +0800] 0:0:0:0:0:0:0:1 "GET /cas/css/cas.css HTTP/1.1" 200 (15 ms)
[24/Dec/2023:11:53:59 +0800] 0:0:0:0:0:0:0:1 "GET /cas/webjars/jquery-cookie/1.4.1-1/jquery.cookie.js HTTP/1.1" 200 (3 ms)
[24/Dec/2023:11:53:59 +0800] 0:0:0:0:0:0:0:1 "GET /cas/webjars/jquery/3.3.1/jquery.min.js HTTP/1.1" 200 (19 ms)
[24/Dec/2023:11:53:59 +0800] 0:0:0:0:0:0:0:1 "GET /cas/webjars/jquery-ui/1.12.1/jquery-ui.min.js HTTP/1.1" 200 (23 ms)
[24/Dec/2023:11:53:59 +0800] 0:0:0:0:0:0:0:1 "GET /cas/webjars/headjs/1.0.3/head.min.js HTTP/1.1" 200 (9 ms)
[24/Dec/2023:11:53:59 +0800] 0:0:0:0:0:0:0:1 "GET /cas/js/cas.js HTTP/1.1" 200 (8 ms)
[24/Dec/2023:11:53:59 +0800] 0:0:0:0:0:0:0:1 "GET /cas/webjars/store.js/1.3.17/store.min.js HTTP/1.1" 200 (8 ms)
[24/Dec/2023:11:53:59 +0800] 0:0:0:0:0:0:0:1 "GET /cas/webjars/bootstrap/4.1.0/js/bootstrap.bundle.min.js HTTP/1.1" 200 (16 ms)
[24/Dec/2023:11:53:59 +0800] 0:0:0:0:0:0:0:1 "GET /cas/webjars/font-awesome/5.0.13/web-fonts-with-css/webfonts/fa-regular-400.woff2 HTTP/1.1" 200 (13 ms)
[24/Dec/2023:11:53:59 +0800] 0:0:0:0:0:0:0:1 "GET /cas/webjars/font-awesome/5.0.13/web-fonts-with-css/webfonts/fa-solid-900.woff2 HTTP/1.1" 200 (14 ms)
[24/Dec/2023:11:53:59 +0800] 0:0:0:0:0:0:0:1 "GET /cas/webjars/zxcvbn/4.3.0/zxcvbn.js HTTP/1.1" 200 (64 ms)
[24/Dec/2023:11:53:59 +0800] 0:0:0:0:0:0:0:1 "GET /cas/favicon.ico HTTP/1.1" 200 (12 ms)
[24/Dec/2023:12:09:20 +0800] 0:0:0:0:0:0:0:1 "GET /cas/login HTTP/1.1" 200 (3374 ms)
[24/Dec/2023:12:09:20 +0800] 0:0:0:0:0:0:0:1 "GET /cas/js/cas.js HTTP/1.1" 200 (16 ms)
[24/Dec/2023:12:09:20 +0800] 0:0:0:0:0:0:0:1 "GET /cas/webjars/font-awesome/5.0.13/web-fonts-with-css/css/fontawesome-all.min.css HTTP/1.1" 200 (18 ms)
[24/Dec/2023:12:09:20 +0800] 0:0:0:0:0:0:0:1 "GET /cas/webjars/lato/0.3.0/css/lato.min.css HTTP/1.1" 200 (18 ms)
[24/Dec/2023:12:09:20 +0800] 0:0:0:0:0:0:0:1 "GET /cas/webjars/headjs/1.0.3/head.min.js HTTP/1.1" 200 (18 ms)
[24/Dec/2023:12:09:20 +0800] 0:0:0:0:0:0:0:1 "GET /cas/webjars/jquery-cookie/1.4.1-1/jquery.cookie.js HTTP/1.1" 200 (3 ms)
[24/Dec/2023:12:09:20 +0800] 0:0:0:0:0:0:0:1 "GET /cas/webjars/jquery/3.3.1/jquery.min.js HTTP/1.1" 200 (22 ms)
[24/Dec/2023:12:09:20 +0800] 0:0:0:0:0:0:0:1 "GET /cas/webjars/store.js/1.3.17/store.min.js HTTP/1.1" 200 (6 ms)
[24/Dec/2023:12:09:20 +0800] 0:0:0:0:0:0:0:1 "GET /cas/css/cas.css HTTP/1.1" 200 (10 ms)
[24/Dec/2023:12:09:20 +0800] 0:0:0:0:0:0:0:1 "GET /cas/webjars/bootstrap/4.1.0/js/bootstrap.bundle.min.js HTTP/1.1" 200 (9 ms)
[24/Dec/2023:12:09:20 +0800] 0:0:0:0:0:0:0:1 "GET /cas/webjars/jquery-ui/1.12.1/jquery-ui.min.js HTTP/1.1" 200 (20 ms)
[24/Dec/2023:12:09:20 +0800] 0:0:0:0:0:0:0:1 "GET /cas/webjars/font-awesome/5.0.13/web-fonts-with-css/webfonts/fa-regular-400.woff2 HTTP/1.1" 200 (14 ms)
[24/Dec/2023:12:09:20 +0800] 0:0:0:0:0:0:0:1 "GET /cas/webjars/font-awesome/5.0.13/web-fonts-with-css/webfonts/fa-solid-900.woff2 HTTP/1.1" 200 (14 ms)
[24/Dec/2023:12:09:20 +0800] 0:0:0:0:0:0:0:1 "GET /cas/webjars/zxcvbn/4.3.0/zxcvbn.js HTTP/1.1" 200 (73 ms)
[24/Dec/2023:12:10:27 +0800] 0:0:0:0:0:0:0:1 "GET /cas/login HTTP/1.1" 200 (4328 ms)
[24/Dec/2023:12:10:27 +0800] 0:0:0:0:0:0:0:1 "GET /cas/webjars/jquery-cookie/1.4.1-1/jquery.cookie.js HTTP/1.1" 200 (10 ms)
[24/Dec/2023:12:10:27 +0800] 0:0:0:0:0:0:0:1 "GET /cas/webjars/lato/0.3.0/css/lato.min.css HTTP/1.1" 200 (13 ms)
[24/Dec/2023:12:10:27 +0800] 0:0:0:0:0:0:0:1 "GET /cas/webjars/font-awesome/5.0.13/web-fonts-with-css/css/fontawesome-all.min.css HTTP/1.1" 200 (14 ms)
[24/Dec/2023:12:10:27 +0800] 0:0:0:0:0:0:0:1 "GET /cas/css/cas.css HTTP/1.1" 200 (18 ms)
[24/Dec/2023:12:10:27 +0800] 0:0:0:0:0:0:0:1 "GET /cas/webjars/bootstrap/4.1.0/js/bootstrap.bundle.min.js HTTP/1.1" 200 (19 ms)
[24/Dec/2023:12:10:27 +0800] 0:0:0:0:0:0:0:1 "GET /cas/webjars/store.js/1.3.17/store.min.js HTTP/1.1" 200 (6 ms)
[24/Dec/2023:12:10:27 +0800] 0:0:0:0:0:0:0:1 "GET /cas/webjars/jquery/3.3.1/jquery.min.js HTTP/1.1" 200 (10 ms)
[24/Dec/2023:12:10:27 +0800] 0:0:0:0:0:0:0:1 "GET /cas/webjars/headjs/1.0.3/head.min.js HTTP/1.1" 200 (10 ms)
[24/Dec/2023:12:10:27 +0800] 0:0:0:0:0:0:0:1 "GET /cas/js/cas.js HTTP/1.1" 200 (6 ms)
[24/Dec/2023:12:10:27 +0800] 0:0:0:0:0:0:0:1 "GET /cas/webjars/jquery-ui/1.12.1/jquery-ui.min.js HTTP/1.1" 200 (19 ms)
[24/Dec/2023:12:10:27 +0800] 0:0:0:0:0:0:0:1 "GET /cas/webjars/font-awesome/5.0.13/web-fonts-with-css/webfonts/fa-regular-400.woff2 HTTP/1.1" 200 (11 ms)
[24/Dec/2023:12:10:27 +0800] 0:0:0:0:0:0:0:1 "GET /cas/webjars/font-awesome/5.0.13/web-fonts-with-css/webfonts/fa-solid-900.woff2 HTTP/1.1" 200 (11 ms)
[24/Dec/2023:12:10:27 +0800] 0:0:0:0:0:0:0:1 "GET /cas/webjars/zxcvbn/4.3.0/zxcvbn.js HTTP/1.1" 200 (64 ms)
[24/Dec/2023:12:10:27 +0800] 0:0:0:0:0:0:0:1 "GET /cas/favicon.ico HTTP/1.1" 200 (13 ms)
[24/Dec/2023:12:10:29 +0800] 0:0:0:0:0:0:0:1 "GET /cas/login HTTP/1.1" 200 (45 ms)
[24/Dec/2023:12:10:29 +0800] 0:0:0:0:0:0:0:1 "GET /cas/webjars/font-awesome/5.0.13/web-fonts-with-css/css/fontawesome-all.min.css HTTP/1.1" 304 (9 ms)
[24/Dec/2023:12:10:29 +0800] 0:0:0:0:0:0:0:1 "GET /cas/webjars/lato/0.3.0/css/lato.min.css HTTP/1.1" 304 (9 ms)
[24/Dec/2023:12:10:29 +0800] 0:0:0:0:0:0:0:1 "GET /cas/webjars/store.js/1.3.17/store.min.js HTTP/1.1" 304 (7 ms)
[24/Dec/2023:12:10:29 +0800] 0:0:0:0:0:0:0:1 "GET /cas/webjars/zxcvbn/4.3.0/zxcvbn.js HTTP/1.1" 304 (8 ms)
[24/Dec/2023:12:10:29 +0800] 0:0:0:0:0:0:0:1 "GET /cas/css/cas.css HTTP/1.1" 304 (11 ms)
[24/Dec/2023:12:10:29 +0800] 0:0:0:0:0:0:0:1 "GET /cas/webjars/jquery/3.3.1/jquery.min.js HTTP/1.1" 304 (3 ms)
[24/Dec/2023:12:10:29 +0800] 0:0:0:0:0:0:0:1 "GET /cas/webjars/bootstrap/4.1.0/js/bootstrap.bundle.min.js HTTP/1.1" 304 (11 ms)
[24/Dec/2023:12:10:29 +0800] 0:0:0:0:0:0:0:1 "GET /cas/webjars/jquery-ui/1.12.1/jquery-ui.min.js HTTP/1.1" 304 (2 ms)
[24/Dec/2023:12:10:29 +0800] 0:0:0:0:0:0:0:1 "GET /cas/webjars/headjs/1.0.3/head.min.js HTTP/1.1" 304 (4 ms)
[24/Dec/2023:12:10:29 +0800] 0:0:0:0:0:0:0:1 "GET /cas/webjars/jquery-cookie/1.4.1-1/jquery.cookie.js HTTP/1.1" 304 (4 ms)
[24/Dec/2023:12:10:29 +0800] 0:0:0:0:0:0:0:1 "GET /cas/js/cas.js HTTP/1.1" 304 (5 ms)
[24/Dec/2023:12:10:29 +0800] 0:0:0:0:0:0:0:1 "GET /cas/favicon.ico HTTP/1.1" 304 (2 ms)
[24/Dec/2023:12:10:37 +0800] 0:0:0:0:0:0:0:1 "GET /cas/login HTTP/1.1" 200 (34 ms)
[24/Dec/2023:12:10:37 +0800] 0:0:0:0:0:0:0:1 "GET /favicon.ico HTTP/1.1" 404 (3 ms)
[24/Dec/2023:12:12:18 +0800] 0:0:0:0:0:0:0:1 "GET /cas/login HTTP/1.1" 200 (4747 ms)
[24/Dec/2023:12:12:18 +0800] 0:0:0:0:0:0:0:1 "GET /cas/webjars/lato/0.3.0/css/lato.min.css HTTP/1.1" 200 (13 ms)
[24/Dec/2023:12:12:18 +0800] 0:0:0:0:0:0:0:1 "GET /cas/webjars/font-awesome/5.0.13/web-fonts-with-css/css/fontawesome-all.min.css HTTP/1.1" 200 (15 ms)
[24/Dec/2023:12:12:18 +0800] 0:0:0:0:0:0:0:1 "GET /cas/css/cas.css HTTP/1.1" 200 (15 ms)
[24/Dec/2023:12:12:18 +0800] 0:0:0:0:0:0:0:1 "GET /cas/webjars/jquery-cookie/1.4.1-1/jquery.cookie.js HTTP/1.1" 200 (4 ms)
[24/Dec/2023:12:12:18 +0800] 0:0:0:0:0:0:0:1 "GET /cas/webjars/jquery/3.3.1/jquery.min.js HTTP/1.1" 200 (19 ms)
[24/Dec/2023:12:12:18 +0800] 0:0:0:0:0:0:0:1 "GET /cas/webjars/headjs/1.0.3/head.min.js HTTP/1.1" 200 (9 ms)
[24/Dec/2023:12:12:18 +0800] 0:0:0:0:0:0:0:1 "GET /cas/js/cas.js HTTP/1.1" 200 (5 ms)
[24/Dec/2023:12:12:18 +0800] 0:0:0:0:0:0:0:1 "GET /cas/webjars/bootstrap/4.1.0/js/bootstrap.bundle.min.js HTTP/1.1" 200 (12 ms)
[24/Dec/2023:12:12:18 +0800] 0:0:0:0:0:0:0:1 "GET /cas/webjars/jquery-ui/1.12.1/jquery-ui.min.js HTTP/1.1" 200 (25 ms)
[24/Dec/2023:12:12:18 +0800] 0:0:0:0:0:0:0:1 "GET /cas/webjars/store.js/1.3.17/store.min.js HTTP/1.1" 200 (9 ms)
[24/Dec/2023:12:12:18 +0800] 0:0:0:0:0:0:0:1 "GET /cas/webjars/font-awesome/5.0.13/web-fonts-with-css/webfonts/fa-regular-400.woff2 HTTP/1.1" 200 (13 ms)
[24/Dec/2023:12:12:18 +0800] 0:0:0:0:0:0:0:1 "GET /cas/webjars/font-awesome/5.0.13/web-fonts-with-css/webfonts/fa-solid-900.woff2 HTTP/1.1" 200 (13 ms)
[24/Dec/2023:12:12:18 +0800] 0:0:0:0:0:0:0:1 "GET /cas/webjars/zxcvbn/4.3.0/zxcvbn.js HTTP/1.1" 200 (65 ms)
[24/Dec/2023:12:12:20 +0800] 0:0:0:0:0:0:0:1 "GET /cas/login HTTP/1.1" 200 (44 ms)
[24/Dec/2023:12:12:20 +0800] 0:0:0:0:0:0:0:1 "GET /cas/webjars/jquery-ui/1.12.1/jquery-ui.min.js HTTP/1.1" 304 (3 ms)
[24/Dec/2023:12:12:20 +0800] 0:0:0:0:0:0:0:1 "GET /cas/css/cas.css HTTP/1.1" 304 (5 ms)
[24/Dec/2023:12:12:20 +0800] 0:0:0:0:0:0:0:1 "GET /cas/webjars/font-awesome/5.0.13/web-fonts-with-css/css/fontawesome-all.min.css HTTP/1.1" 304 (6 ms)
[24/Dec/2023:12:12:20 +0800] 0:0:0:0:0:0:0:1 "GET /cas/webjars/lato/0.3.0/css/lato.min.css HTTP/1.1" 304 (6 ms)
[24/Dec/2023:12:12:20 +0800] 0:0:0:0:0:0:0:1 "GET /cas/webjars/jquery/3.3.1/jquery.min.js HTTP/1.1" 304 (5 ms)
[24/Dec/2023:12:12:20 +0800] 0:0:0:0:0:0:0:1 "GET /cas/webjars/zxcvbn/4.3.0/zxcvbn.js HTTP/1.1" 304 (8 ms)
[24/Dec/2023:12:12:20 +0800] 0:0:0:0:0:0:0:1 "GET /cas/webjars/jquery-cookie/1.4.1-1/jquery.cookie.js HTTP/1.1" 304 (3 ms)
[24/Dec/2023:12:12:20 +0800] 0:0:0:0:0:0:0:1 "GET /cas/js/cas.js HTTP/1.1" 304 (4 ms)
[24/Dec/2023:12:12:20 +0800] 0:0:0:0:0:0:0:1 "GET /cas/webjars/bootstrap/4.1.0/js/bootstrap.bundle.min.js HTTP/1.1" 304 (6 ms)
[24/Dec/2023:12:12:20 +0800] 0:0:0:0:0:0:0:1 "GET /cas/webjars/headjs/1.0.3/head.min.js HTTP/1.1" 304 (6 ms)
[24/Dec/2023:12:12:20 +0800] 0:0:0:0:0:0:0:1 "GET /cas/webjars/store.js/1.3.17/store.min.js HTTP/1.1" 304 (7 ms)
[24/Dec/2023:12:12:20 +0800] 0:0:0:0:0:0:0:1 "GET /cas/favicon.ico HTTP/1.1" 200 (11 ms)
[24/Dec/2023:12:12:22 +0800] 0:0:0:0:0:0:0:1 "GET /cas/login HTTP/1.1" 200 (41 ms)
[24/Dec/2023:12:12:23 +0800] 0:0:0:0:0:0:0:1 "GET /cas/login HTTP/1.1" 200 (45 ms)
[24/Dec/2023:12:12:23 +0800] 0:0:0:0:0:0:0:1 "GET /cas/webjars/jquery-ui/1.12.1/jquery-ui.min.js HTTP/1.1" 304 (3 ms)
[24/Dec/2023:12:12:23 +0800] 0:0:0:0:0:0:0:1 "GET /cas/webjars/zxcvbn/4.3.0/zxcvbn.js HTTP/1.1" 304 (4 ms)
[24/Dec/2023:12:12:23 +0800] 0:0:0:0:0:0:0:1 "GET /cas/webjars/lato/0.3.0/css/lato.min.css HTTP/1.1" 304 (6 ms)
[24/Dec/2023:12:12:23 +0800] 0:0:0:0:0:0:0:1 "GET /cas/webjars/jquery/3.3.1/jquery.min.js HTTP/1.1" 304 (7 ms)
[24/Dec/2023:12:12:23 +0800] 0:0:0:0:0:0:0:1 "GET /cas/css/cas.css HTTP/1.1" 304 (9 ms)
[24/Dec/2023:12:12:23 +0800] 0:0:0:0:0:0:0:1 "GET /cas/webjars/font-awesome/5.0.13/web-fonts-with-css/css/fontawesome-all.min.css HTTP/1.1" 304 (10 ms)
[24/Dec/2023:12:12:23 +0800] 0:0:0:0:0:0:0:1 "GET /cas/webjars/jquery-cookie/1.4.1-1/jquery.cookie.js HTTP/1.1" 304 (4 ms)
[24/Dec/2023:12:12:23 +0800] 0:0:0:0:0:0:0:1 "GET /cas/webjars/bootstrap/4.1.0/js/bootstrap.bundle.min.js HTTP/1.1" 304 (5 ms)
[24/Dec/2023:12:12:23 +0800] 0:0:0:0:0:0:0:1 "GET /cas/webjars/headjs/1.0.3/head.min.js HTTP/1.1" 304 (5 ms)
[24/Dec/2023:12:12:23 +0800] 0:0:0:0:0:0:0:1 "GET /cas/webjars/store.js/1.3.17/store.min.js HTTP/1.1" 304 (4 ms)
[24/Dec/2023:12:12:23 +0800] 0:0:0:0:0:0:0:1 "GET /cas/js/cas.js HTTP/1.1" 304 (4 ms)
[24/Dec/2023:12:12:23 +0800] 0:0:0:0:0:0:0:1 "GET /cas/favicon.ico HTTP/1.1" 304 (4 ms)
[24/Dec/2023:12:12:24 +0800] 0:0:0:0:0:0:0:1 "GET /cas/login HTTP/1.1" 200 (38 ms)
[24/Dec/2023:12:12:24 +0800] 0:0:0:0:0:0:0:1 "GET /cas/login HTTP/1.1" 200 (36 ms)
[24/Dec/2023:12:18:00 +0800] 0:0:0:0:0:0:0:1 "GET /cas/login HTTP/1.1" 200 (3361 ms)
[24/Dec/2023:12:18:00 +0800] 0:0:0:0:0:0:0:1 "GET /cas/webjars/font-awesome/5.0.13/web-fonts-with-css/css/fontawesome-all.min.css HTTP/1.1" 200 (17 ms)
[24/Dec/2023:12:18:00 +0800] 0:0:0:0:0:0:0:1 "GET /cas/webjars/lato/0.3.0/css/lato.min.css HTTP/1.1" 200 (17 ms)
[24/Dec/2023:12:18:00 +0800] 0:0:0:0:0:0:0:1 "GET /cas/webjars/headjs/1.0.3/head.min.js HTTP/1.1" 200 (17 ms)
[24/Dec/2023:12:18:00 +0800] 0:0:0:0:0:0:0:1 "GET /cas/webjars/jquery/3.3.1/jquery.min.js HTTP/1.1" 200 (20 ms)
[24/Dec/2023:12:18:00 +0800] 0:0:0:0:0:0:0:1 "GET /cas/webjars/bootstrap/4.1.0/js/bootstrap.bundle.min.js HTTP/1.1" 200 (20 ms)
[24/Dec/2023:12:18:00 +0800] 0:0:0:0:0:0:0:1 "GET /cas/webjars/store.js/1.3.17/store.min.js HTTP/1.1" 200 (7 ms)
[24/Dec/2023:12:18:00 +0800] 0:0:0:0:0:0:0:1 "GET /cas/webjars/jquery-cookie/1.4.1-1/jquery.cookie.js HTTP/1.1" 200 (9 ms)
[24/Dec/2023:12:18:00 +0800] 0:0:0:0:0:0:0:1 "GET /cas/js/cas.js HTTP/1.1" 200 (5 ms)
[24/Dec/2023:12:18:00 +0800] 0:0:0:0:0:0:0:1 "GET /cas/css/cas.css HTTP/1.1" 200 (11 ms)
[24/Dec/2023:12:18:00 +0800] 0:0:0:0:0:0:0:1 "GET /cas/webjars/jquery-ui/1.12.1/jquery-ui.min.js HTTP/1.1" 200 (15 ms)
[24/Dec/2023:12:18:00 +0800] 0:0:0:0:0:0:0:1 "GET /cas/webjars/zxcvbn/4.3.0/zxcvbn.js HTTP/1.1" 200 (69 ms)
[24/Dec/2023:12:18:00 +0800] 0:0:0:0:0:0:0:1 "GET /cas/webjars/font-awesome/5.0.13/web-fonts-with-css/webfonts/fa-solid-900.woff2 HTTP/1.1" 200 (12 ms)
[24/Dec/2023:12:18:00 +0800] 0:0:0:0:0:0:0:1 "GET /cas/webjars/font-awesome/5.0.13/web-fonts-with-css/webfonts/fa-regular-400.woff2 HTTP/1.1" 200 (12 ms)
[24/Dec/2023:12:18:58 +0800] 0:0:0:0:0:0:0:1 "GET /cas/login HTTP/1.1" 200 (3377 ms)
[24/Dec/2023:12:18:58 +0800] 0:0:0:0:0:0:0:1 "GET /cas/webjars/lato/0.3.0/css/lato.min.css HTTP/1.1" 200 (13 ms)
[24/Dec/2023:12:18:58 +0800] 0:0:0:0:0:0:0:1 "GET /cas/webjars/font-awesome/5.0.13/web-fonts-with-css/css/fontawesome-all.min.css HTTP/1.1" 200 (17 ms)
[24/Dec/2023:12:18:58 +0800] 0:0:0:0:0:0:0:1 "GET /cas/webjars/bootstrap/4.1.0/js/bootstrap.bundle.min.js HTTP/1.1" 200 (13 ms)
[24/Dec/2023:12:18:58 +0800] 0:0:0:0:0:0:0:1 "GET /cas/webjars/jquery/3.3.1/jquery.min.js HTTP/1.1" 200 (16 ms)
[24/Dec/2023:12:18:58 +0800] 0:0:0:0:0:0:0:1 "GET /cas/css/cas.css HTTP/1.1" 200 (20 ms)
[24/Dec/2023:12:18:58 +0800] 0:0:0:0:0:0:0:1 "GET /cas/webjars/jquery-cookie/1.4.1-1/jquery.cookie.js HTTP/1.1" 200 (7 ms)
[24/Dec/2023:12:18:58 +0800] 0:0:0:0:0:0:0:1 "GET /cas/webjars/jquery-ui/1.12.1/jquery-ui.min.js HTTP/1.1" 200 (21 ms)
[24/Dec/2023:12:18:58 +0800] 0:0:0:0:0:0:0:1 "GET /cas/webjars/headjs/1.0.3/head.min.js HTTP/1.1" 200 (7 ms)
[24/Dec/2023:12:18:58 +0800] 0:0:0:0:0:0:0:1 "GET /cas/js/cas.js HTTP/1.1" 200 (10 ms)
[24/Dec/2023:12:18:58 +0800] 0:0:0:0:0:0:0:1 "GET /cas/webjars/store.js/1.3.17/store.min.js HTTP/1.1" 200 (8 ms)
[24/Dec/2023:12:18:58 +0800] 0:0:0:0:0:0:0:1 "GET /cas/webjars/font-awesome/5.0.13/web-fonts-with-css/webfonts/fa-solid-900.woff2 HTTP/1.1" 200 (13 ms)
[24/Dec/2023:12:18:58 +0800] 0:0:0:0:0:0:0:1 "GET /cas/webjars/font-awesome/5.0.13/web-fonts-with-css/webfonts/fa-regular-400.woff2 HTTP/1.1" 200 (14 ms)
[24/Dec/2023:12:18:58 +0800] 0:0:0:0:0:0:0:1 "GET /cas/webjars/zxcvbn/4.3.0/zxcvbn.js HTTP/1.1" 200 (51 ms)
[24/Dec/2023:12:18:58 +0800] 0:0:0:0:0:0:0:1 "GET /cas/favicon.ico HTTP/1.1" 200 (14 ms)
[24/Dec/2023:12:19:00 +0800] 0:0:0:0:0:0:0:1 "GET /cas/login HTTP/1.1" 200 (49 ms)
[24/Dec/2023:12:19:07 +0800] 0:0:0:0:0:0:0:1 "GET /cas/login HTTP/1.1" 200 (36 ms)
[24/Dec/2023:12:19:07 +0800] 0:0:0:0:0:0:0:1 "GET /cas/webjars/jquery/3.3.1/jquery.min.js HTTP/1.1" 304 (4 ms)
[24/Dec/2023:12:19:07 +0800] 0:0:0:0:0:0:0:1 "GET /cas/webjars/jquery-cookie/1.4.1-1/jquery.cookie.js HTTP/1.1" 304 (4 ms)
[24/Dec/2023:12:19:07 +0800] 0:0:0:0:0:0:0:1 "GET /cas/webjars/font-awesome/5.0.13/web-fonts-with-css/css/fontawesome-all.min.css HTTP/1.1" 304 (7 ms)
[24/Dec/2023:12:19:07 +0800] 0:0:0:0:0:0:0:1 "GET /cas/webjars/lato/0.3.0/css/lato.min.css HTTP/1.1" 304 (6 ms)
[24/Dec/2023:12:19:07 +0800] 0:0:0:0:0:0:0:1 "GET /cas/css/cas.css HTTP/1.1" 304 (5 ms)
[24/Dec/2023:12:19:07 +0800] 0:0:0:0:0:0:0:1 "GET /cas/webjars/zxcvbn/4.3.0/zxcvbn.js HTTP/1.1" 304 (11 ms)
[24/Dec/2023:12:19:07 +0800] 0:0:0:0:0:0:0:1 "GET /cas/webjars/jquery-ui/1.12.1/jquery-ui.min.js HTTP/1.1" 304 (4 ms)
[24/Dec/2023:12:19:07 +0800] 0:0:0:0:0:0:0:1 "GET /cas/webjars/store.js/1.3.17/store.min.js HTTP/1.1" 304 (5 ms)
[24/Dec/2023:12:19:07 +0800] 0:0:0:0:0:0:0:1 "GET /cas/js/cas.js HTTP/1.1" 304 (6 ms)
[24/Dec/2023:12:19:07 +0800] 0:0:0:0:0:0:0:1 "GET /cas/webjars/bootstrap/4.1.0/js/bootstrap.bundle.min.js HTTP/1.1" 304 (6 ms)
[24/Dec/2023:12:19:07 +0800] 0:0:0:0:0:0:0:1 "GET /cas/webjars/headjs/1.0.3/head.min.js HTTP/1.1" 304 (9 ms)
[24/Dec/2023:12:19:07 +0800] 0:0:0:0:0:0:0:1 "GET /cas/webjars/font-awesome/5.0.13/web-fonts-with-css/webfonts/fa-regular-400.woff2 HTTP/1.1" 200 (4 ms)
[24/Dec/2023:12:19:07 +0800] 0:0:0:0:0:0:0:1 "GET /cas/webjars/font-awesome/5.0.13/web-fonts-with-css/webfonts/fa-solid-900.woff2 HTTP/1.1" 200 (5 ms)
[24/Dec/2023:12:20:12 +0800] 0:0:0:0:0:0:0:1 "GET /cas/login HTTP/1.1" 200 (3378 ms)
[24/Dec/2023:12:20:12 +0800] 0:0:0:0:0:0:0:1 "GET /cas/webjars/lato/0.3.0/css/lato.min.css HTTP/1.1" 200 (17 ms)
[24/Dec/2023:12:20:12 +0800] 0:0:0:0:0:0:0:1 "GET /cas/css/cas.css HTTP/1.1" 200 (19 ms)
[24/Dec/2023:12:20:12 +0800] 0:0:0:0:0:0:0:1 "GET /cas/webjars/font-awesome/5.0.13/web-fonts-with-css/css/fontawesome-all.min.css HTTP/1.1" 200 (18 ms)
[24/Dec/2023:12:20:12 +0800] 0:0:0:0:0:0:0:1 "GET /cas/webjars/jquery/3.3.1/jquery.min.js HTTP/1.1" 200 (23 ms)
[24/Dec/2023:12:20:12 +0800] 0:0:0:0:0:0:0:1 "GET /cas/webjars/headjs/1.0.3/head.min.js HTTP/1.1" 200 (6 ms)
[24/Dec/2023:12:20:12 +0800] 0:0:0:0:0:0:0:1 "GET /cas/webjars/jquery-cookie/1.4.1-1/jquery.cookie.js HTTP/1.1" 200 (7 ms)
[24/Dec/2023:12:20:12 +0800] 0:0:0:0:0:0:0:1 "GET /cas/webjars/jquery-ui/1.12.1/jquery-ui.min.js HTTP/1.1" 200 (30 ms)
[24/Dec/2023:12:20:12 +0800] 0:0:0:0:0:0:0:1 "GET /cas/webjars/store.js/1.3.17/store.min.js HTTP/1.1" 200 (7 ms)
[24/Dec/2023:12:20:12 +0800] 0:0:0:0:0:0:0:1 "GET /cas/webjars/bootstrap/4.1.0/js/bootstrap.bundle.min.js HTTP/1.1" 200 (15 ms)
[24/Dec/2023:12:20:12 +0800] 0:0:0:0:0:0:0:1 "GET /cas/js/cas.js HTTP/1.1" 200 (7 ms)
[24/Dec/2023:12:20:12 +0800] 0:0:0:0:0:0:0:1 "GET /cas/webjars/font-awesome/5.0.13/web-fonts-with-css/webfonts/fa-regular-400.woff2 HTTP/1.1" 200 (14 ms)
[24/Dec/2023:12:20:12 +0800] 0:0:0:0:0:0:0:1 "GET /cas/webjars/font-awesome/5.0.13/web-fonts-with-css/webfonts/fa-solid-900.woff2 HTTP/1.1" 200 (15 ms)
[24/Dec/2023:12:20:12 +0800] 0:0:0:0:0:0:0:1 "GET /cas/webjars/zxcvbn/4.3.0/zxcvbn.js HTTP/1.1" 200 (72 ms)
[24/Dec/2023:12:23:07 +0800] 0:0:0:0:0:0:0:1 "GET /cas/login HTTP/1.1" 200 (3360 ms)
[24/Dec/2023:12:23:07 +0800] 0:0:0:0:0:0:0:1 "GET /cas/webjars/font-awesome/5.0.13/web-fonts-with-css/css/fontawesome-all.min.css HTTP/1.1" 200 (16 ms)
[24/Dec/2023:12:23:07 +0800] 0:0:0:0:0:0:0:1 "GET /cas/webjars/store.js/1.3.17/store.min.js HTTP/1.1" 200 (16 ms)
[24/Dec/2023:12:23:07 +0800] 0:0:0:0:0:0:0:1 "GET /cas/webjars/bootstrap/4.1.0/js/bootstrap.bundle.min.js HTTP/1.1" 200 (20 ms)
[24/Dec/2023:12:23:07 +0800] 0:0:0:0:0:0:0:1 "GET /cas/webjars/jquery/3.3.1/jquery.min.js HTTP/1.1" 200 (21 ms)
[24/Dec/2023:12:23:07 +0800] 0:0:0:0:0:0:0:1 "GET /cas/webjars/jquery-cookie/1.4.1-1/jquery.cookie.js HTTP/1.1" 200 (4 ms)
[24/Dec/2023:12:23:07 +0800] 0:0:0:0:0:0:0:1 "GET /cas/webjars/lato/0.3.0/css/lato.min.css HTTP/1.1" 200 (8 ms)
[24/Dec/2023:12:23:07 +0800] 0:0:0:0:0:0:0:1 "GET /cas/webjars/headjs/1.0.3/head.min.js HTTP/1.1" 200 (6 ms)
[24/Dec/2023:12:23:07 +0800] 0:0:0:0:0:0:0:1 "GET /cas/css/cas.css HTTP/1.1" 200 (10 ms)
[24/Dec/2023:12:23:07 +0800] 0:0:0:0:0:0:0:1 "GET /cas/js/cas.js HTTP/1.1" 200 (6 ms)
[24/Dec/2023:12:23:07 +0800] 0:0:0:0:0:0:0:1 "GET /cas/webjars/jquery-ui/1.12.1/jquery-ui.min.js HTTP/1.1" 200 (31 ms)
[24/Dec/2023:12:23:07 +0800] 0:0:0:0:0:0:0:1 "GET /cas/webjars/zxcvbn/4.3.0/zxcvbn.js HTTP/1.1" 200 (68 ms)
[24/Dec/2023:12:23:07 +0800] 0:0:0:0:0:0:0:1 "GET /cas/webjars/font-awesome/5.0.13/web-fonts-with-css/webfonts/fa-regular-400.woff2 HTTP/1.1" 200 (13 ms)
[24/Dec/2023:12:23:07 +0800] 0:0:0:0:0:0:0:1 "GET /cas/webjars/font-awesome/5.0.13/web-fonts-with-css/webfonts/fa-solid-900.woff2 HTTP/1.1" 200 (15 ms)
[24/Dec/2023:12:24:08 +0800] 0:0:0:0:0:0:0:1 "GET /cas/login HTTP/1.1" 200 (5475 ms)
[24/Dec/2023:12:24:08 +0800] 0:0:0:0:0:0:0:1 "GET /cas/webjars/lato/0.3.0/css/lato.min.css HTTP/1.1" 200 (13 ms)
[24/Dec/2023:12:24:08 +0800] 0:0:0:0:0:0:0:1 "GET /cas/webjars/font-awesome/5.0.13/web-fonts-with-css/css/fontawesome-all.min.css HTTP/1.1" 200 (15 ms)
[24/Dec/2023:12:24:08 +0800] 0:0:0:0:0:0:0:1 "GET /cas/css/cas.css HTTP/1.1" 200 (14 ms)
[24/Dec/2023:12:24:08 +0800] 0:0:0:0:0:0:0:1 "GET /cas/webjars/jquery/3.3.1/jquery.min.js HTTP/1.1" 200 (17 ms)
[24/Dec/2023:12:24:08 +0800] 0:0:0:0:0:0:0:1 "GET /cas/webjars/jquery-cookie/1.4.1-1/jquery.cookie.js HTTP/1.1" 200 (6 ms)
[24/Dec/2023:12:24:08 +0800] 0:0:0:0:0:0:0:1 "GET /cas/webjars/headjs/1.0.3/head.min.js HTTP/1.1" 200 (9 ms)
[24/Dec/2023:12:24:08 +0800] 0:0:0:0:0:0:0:1 "GET /cas/js/cas.js HTTP/1.1" 200 (5 ms)
[24/Dec/2023:12:24:08 +0800] 0:0:0:0:0:0:0:1 "GET /cas/webjars/store.js/1.3.17/store.min.js HTTP/1.1" 200 (11 ms)
[24/Dec/2023:12:24:08 +0800] 0:0:0:0:0:0:0:1 "GET /cas/webjars/jquery-ui/1.12.1/jquery-ui.min.js HTTP/1.1" 200 (28 ms)
[24/Dec/2023:12:24:08 +0800] 0:0:0:0:0:0:0:1 "GET /cas/webjars/bootstrap/4.1.0/js/bootstrap.bundle.min.js HTTP/1.1" 200 (16 ms)
[24/Dec/2023:12:24:08 +0800] 0:0:0:0:0:0:0:1 "GET /cas/webjars/font-awesome/5.0.13/web-fonts-with-css/webfonts/fa-regular-400.woff2 HTTP/1.1" 200 (11 ms)
[24/Dec/2023:12:24:08 +0800] 0:0:0:0:0:0:0:1 "GET /cas/webjars/font-awesome/5.0.13/web-fonts-with-css/webfonts/fa-solid-900.woff2 HTTP/1.1" 200 (13 ms)
[24/Dec/2023:12:24:08 +0800] 0:0:0:0:0:0:0:1 "GET /cas/webjars/zxcvbn/4.3.0/zxcvbn.js HTTP/1.1" 200 (66 ms)
[24/Dec/2023:12:24:08 +0800] 0:0:0:0:0:0:0:1 "GET /cas/favicon.ico HTTP/1.1" 200 (13 ms)
[24/Dec/2023:12:24:11 +0800] 0:0:0:0:0:0:0:1 "GET /cas/login HTTP/1.1" 200 (48 ms)
[24/Dec/2023:12:24:11 +0800] 0:0:0:0:0:0:0:1 "GET /cas/webjars/jquery/3.3.1/jquery.min.js HTTP/1.1" 304 (4 ms)
[24/Dec/2023:12:24:11 +0800] 0:0:0:0:0:0:0:1 "GET /cas/webjars/jquery-ui/1.12.1/jquery-ui.min.js HTTP/1.1" 304 (5 ms)
[24/Dec/2023:12:24:11 +0800] 0:0:0:0:0:0:0:1 "GET /cas/webjars/lato/0.3.0/css/lato.min.css HTTP/1.1" 304 (6 ms)
[24/Dec/2023:12:24:11 +0800] 0:0:0:0:0:0:0:1 "GET /cas/css/cas.css HTTP/1.1" 304 (6 ms)
[24/Dec/2023:12:24:11 +0800] 0:0:0:0:0:0:0:1 "GET /cas/webjars/zxcvbn/4.3.0/zxcvbn.js HTTP/1.1" 304 (7 ms)
[24/Dec/2023:12:24:11 +0800] 0:0:0:0:0:0:0:1 "GET /cas/webjars/font-awesome/5.0.13/web-fonts-with-css/css/fontawesome-all.min.css HTTP/1.1" 304 (7 ms)
[24/Dec/2023:12:24:11 +0800] 0:0:0:0:0:0:0:1 "GET /cas/webjars/store.js/1.3.17/store.min.js HTTP/1.1" 304 (4 ms)
[24/Dec/2023:12:24:11 +0800] 0:0:0:0:0:0:0:1 "GET /cas/webjars/bootstrap/4.1.0/js/bootstrap.bundle.min.js HTTP/1.1" 304 (7 ms)
[24/Dec/2023:12:24:11 +0800] 0:0:0:0:0:0:0:1 "GET /cas/js/cas.js HTTP/1.1" 304 (5 ms)
[24/Dec/2023:12:24:11 +0800] 0:0:0:0:0:0:0:1 "GET /cas/webjars/jquery-cookie/1.4.1-1/jquery.cookie.js HTTP/1.1" 304 (2 ms)
[24/Dec/2023:12:24:11 +0800] 0:0:0:0:0:0:0:1 "GET /cas/webjars/headjs/1.0.3/head.min.js HTTP/1.1" 304 (5 ms)
[24/Dec/2023:12:24:11 +0800] 0:0:0:0:0:0:0:1 "GET /cas/favicon.ico HTTP/1.1" 304 (2 ms)
[24/Dec/2023:12:24:18 +0800] 0:0:0:0:0:0:0:1 "GET /cas/login HTTP/1.1" 200 (29 ms)
[24/Dec/2023:12:24:18 +0800] 0:0:0:0:0:0:0:1 "GET /cas/webjars/jquery-ui/1.12.1/jquery-ui.min.js HTTP/1.1" 304 (7 ms)
[24/Dec/2023:12:24:18 +0800] 0:0:0:0:0:0:0:1 "GET /cas/css/cas.css HTTP/1.1" 304 (8 ms)
[24/Dec/2023:12:24:18 +0800] 0:0:0:0:0:0:0:1 "GET /cas/webjars/jquery-cookie/1.4.1-1/jquery.cookie.js HTTP/1.1" 304 (1 ms)
[24/Dec/2023:12:24:18 +0800] 0:0:0:0:0:0:0:1 "GET /cas/webjars/zxcvbn/4.3.0/zxcvbn.js HTTP/1.1" 304 (5 ms)
[24/Dec/2023:12:24:18 +0800] 0:0:0:0:0:0:0:1 "GET /cas/webjars/jquery/3.3.1/jquery.min.js HTTP/1.1" 304 (3 ms)
[24/Dec/2023:12:24:18 +0800] 0:0:0:0:0:0:0:1 "GET /cas/webjars/bootstrap/4.1.0/js/bootstrap.bundle.min.js HTTP/1.1" 304 (5 ms)
[24/Dec/2023:12:24:18 +0800] 0:0:0:0:0:0:0:1 "GET /cas/webjars/font-awesome/5.0.13/web-fonts-with-css/css/fontawesome-all.min.css HTTP/1.1" 304 (17 ms)
[24/Dec/2023:12:24:18 +0800] 0:0:0:0:0:0:0:1 "GET /cas/webjars/lato/0.3.0/css/lato.min.css HTTP/1.1" 304 (17 ms)
[24/Dec/2023:12:24:18 +0800] 0:0:0:0:0:0:0:1 "GET /cas/js/cas.js HTTP/1.1" 304 (4 ms)
[24/Dec/2023:12:24:18 +0800] 0:0:0:0:0:0:0:1 "GET /cas/webjars/store.js/1.3.17/store.min.js HTTP/1.1" 304 (4 ms)
[24/Dec/2023:12:24:18 +0800] 0:0:0:0:0:0:0:1 "GET /cas/webjars/headjs/1.0.3/head.min.js HTTP/1.1" 304 (5 ms)
[24/Dec/2023:12:24:18 +0800] 0:0:0:0:0:0:0:1 "GET /cas/webjars/font-awesome/5.0.13/web-fonts-with-css/webfonts/fa-regular-400.woff2 HTTP/1.1" 200 (5 ms)
[24/Dec/2023:12:24:18 +0800] 0:0:0:0:0:0:0:1 "GET /cas/webjars/font-awesome/5.0.13/web-fonts-with-css/webfonts/fa-solid-900.woff2 HTTP/1.1" 200 (5 ms)
[24/Dec/2023:12:24:25 +0800] 0:0:0:0:0:0:0:1 "GET /cas/webjars/font-awesome/5.0.13/web-fonts-with-css/css/fontawesome-all.min.css HTTP/1.1" 304 (6 ms)
[24/Dec/2023:12:24:25 +0800] 0:0:0:0:0:0:0:1 "GET /cas/webjars/lato/0.3.0/css/lato.min.css HTTP/1.1" 304 (6 ms)
[24/Dec/2023:12:24:25 +0800] 0:0:0:0:0:0:0:1 "GET /cas/css/cas.css HTTP/1.1" 304 (6 ms)
[24/Dec/2023:12:24:25 +0800] 0:0:0:0:0:0:0:1 "GET /cas/webjars/jquery/3.3.1/jquery.min.map HTTP/1.1" 200 (16 ms)
[24/Dec/2023:12:24:25 +0800] 0:0:0:0:0:0:0:1 "GET /cas/webjars/bootstrap/4.1.0/js/bootstrap.bundle.min.js.map HTTP/1.1" 200 (21 ms)
[24/Dec/2023:12:24:25 +0800] 0:0:0:0:0:0:0:1 "GET /cas/webjars/zxcvbn/4.3.0/zxcvbn.js.map HTTP/1.1" 200 (24 ms)
[24/Dec/2023:12:24:29 +0800] 0:0:0:0:0:0:0:1 "GET /cas/login HTTP/1.1" 200 (41 ms)
[24/Dec/2023:12:24:36 +0800] 0:0:0:0:0:0:0:1 "GET /cas/webjars/font-awesome/5.0.13/web-fonts-with-css/css/fontawesome-all.min.css HTTP/1.1" 200 (10 ms)
[24/Dec/2023:12:24:36 +0800] 0:0:0:0:0:0:0:1 "GET /cas/webjars/bootstrap/4.1.0/js/bootstrap.bundle.min.js HTTP/1.1" 200 (14 ms)
[24/Dec/2023:12:24:36 +0800] 0:0:0:0:0:0:0:1 "GET /cas/css/cas.css HTTP/1.1" 200 (14 ms)
[24/Dec/2023:12:24:36 +0800] 0:0:0:0:0:0:0:1 "GET /cas/webjars/jquery/3.3.1/jquery.min.js HTTP/1.1" 200 (16 ms)
[24/Dec/2023:12:24:36 +0800] 0:0:0:0:0:0:0:1 "GET /cas/js/cas.js HTTP/1.1" 200 (6 ms)
[24/Dec/2023:12:24:36 +0800] 0:0:0:0:0:0:0:1 "GET /cas/webjars/jquery-cookie/1.4.1-1/jquery.cookie.js HTTP/1.1" 200 (3 ms)
[24/Dec/2023:12:24:36 +0800] 0:0:0:0:0:0:0:1 "GET /cas/webjars/store.js/1.3.17/store.min.js HTTP/1.1" 200 (19 ms)
[24/Dec/2023:12:24:36 +0800] 0:0:0:0:0:0:0:1 "GET /cas/webjars/headjs/1.0.3/head.min.js HTTP/1.1" 200 (7 ms)
[24/Dec/2023:12:24:36 +0800] 0:0:0:0:0:0:0:1 "GET /cas/webjars/lato/0.3.0/css/lato.min.css HTTP/1.1" 200 (17 ms)
[24/Dec/2023:12:24:36 +0800] 0:0:0:0:0:0:0:1 "GET /cas/webjars/font-awesome/5.0.13/web-fonts-with-css/webfonts/fa-solid-900.woff2 HTTP/1.1" 200 (5 ms)
[24/Dec/2023:12:24:36 +0800] 0:0:0:0:0:0:0:1 "GET /cas/webjars/font-awesome/5.0.13/web-fonts-with-css/webfonts/fa-regular-400.woff2 HTTP/1.1" 200 (6 ms)
[24/Dec/2023:12:24:36 +0800] 0:0:0:0:0:0:0:1 "GET /cas/webjars/jquery/3.3.1/jquery.min.map HTTP/1.1" 200 (5 ms)
[24/Dec/2023:12:24:36 +0800] 0:0:0:0:0:0:0:1 "GET /cas/webjars/jquery-ui/1.12.1/jquery-ui.min.js HTTP/1.1" 200 (21 ms)
[24/Dec/2023:12:24:36 +0800] 0:0:0:0:0:0:0:1 "GET /cas/webjars/zxcvbn/4.3.0/zxcvbn.js HTTP/1.1" 200 (64 ms)
[24/Dec/2023:12:24:36 +0800] 0:0:0:0:0:0:0:1 "GET /cas/webjars/zxcvbn/4.3.0/zxcvbn.js.map HTTP/1.1" 200 (12 ms)
[24/Dec/2023:12:24:36 +0800] 0:0:0:0:0:0:0:1 "GET /cas/webjars/bootstrap/4.1.0/js/bootstrap.bundle.min.js.map HTTP/1.1" 200 (8 ms)
[24/Dec/2023:12:24:36 +0800] 0:0:0:0:0:0:0:1 "GET /cas/favicon.ico HTTP/1.1" 200 (7 ms)
[24/Dec/2023:12:24:53 +0800] 0:0:0:0:0:0:0:1 "GET /cas/login HTTP/1.1" 200 (38 ms)
[24/Dec/2023:12:24:53 +0800] 0:0:0:0:0:0:0:1 "GET /cas/webjars/lato/0.3.0/css/lato.min.css HTTP/1.1" 200 (6 ms)
[24/Dec/2023:12:24:53 +0800] 0:0:0:0:0:0:0:1 "GET /cas/css/cas.css HTTP/1.1" 200 (6 ms)
[24/Dec/2023:12:24:53 +0800] 0:0:0:0:0:0:0:1 "GET /cas/webjars/font-awesome/5.0.13/web-fonts-with-css/css/fontawesome-all.min.css HTTP/1.1" 200 (8 ms)
[24/Dec/2023:12:24:53 +0800] 0:0:0:0:0:0:0:1 "GET /cas/webjars/jquery-cookie/1.4.1-1/jquery.cookie.js HTTP/1.1" 200 (4 ms)
[24/Dec/2023:12:24:53 +0800] 0:0:0:0:0:0:0:1 "GET /cas/webjars/headjs/1.0.3/head.min.js HTTP/1.1" 200 (8 ms)
[24/Dec/2023:12:24:53 +0800] 0:0:0:0:0:0:0:1 "GET /cas/webjars/jquery/3.3.1/jquery.min.js HTTP/1.1" 200 (14 ms)
[24/Dec/2023:12:24:53 +0800] 0:0:0:0:0:0:0:1 "GET /cas/js/cas.js HTTP/1.1" 200 (4 ms)
[24/Dec/2023:12:24:53 +0800] 0:0:0:0:0:0:0:1 "GET /cas/webjars/jquery-ui/1.12.1/jquery-ui.min.js HTTP/1.1" 200 (21 ms)
[24/Dec/2023:12:24:53 +0800] 0:0:0:0:0:0:0:1 "GET /cas/webjars/store.js/1.3.17/store.min.js HTTP/1.1" 200 (9 ms)
[24/Dec/2023:12:24:53 +0800] 0:0:0:0:0:0:0:1 "GET /cas/webjars/bootstrap/4.1.0/js/bootstrap.bundle.min.js HTTP/1.1" 200 (15 ms)
[24/Dec/2023:12:24:53 +0800] 0:0:0:0:0:0:0:1 "GET /cas/webjars/jquery/3.3.1/jquery.min.map HTTP/1.1" 200 (4 ms)
[24/Dec/2023:12:24:53 +0800] 0:0:0:0:0:0:0:1 "GET /cas/webjars/font-awesome/5.0.13/web-fonts-with-css/webfonts/fa-regular-400.woff2 HTTP/1.1" 200 (5 ms)
[24/Dec/2023:12:24:53 +0800] 0:0:0:0:0:0:0:1 "GET /cas/webjars/font-awesome/5.0.13/web-fonts-with-css/webfonts/fa-solid-900.woff2 HTTP/1.1" 200 (7 ms)
[24/Dec/2023:12:24:53 +0800] 0:0:0:0:0:0:0:1 "GET /cas/webjars/zxcvbn/4.3.0/zxcvbn.js HTTP/1.1" 200 (71 ms)
[24/Dec/2023:12:24:53 +0800] 0:0:0:0:0:0:0:1 "GET /cas/webjars/zxcvbn/4.3.0/zxcvbn.js.map HTTP/1.1" 200 (8 ms)
[24/Dec/2023:12:24:53 +0800] 0:0:0:0:0:0:0:1 "GET /cas/webjars/bootstrap/4.1.0/js/bootstrap.bundle.min.js.map HTTP/1.1" 200 (9 ms)
[24/Dec/2023:12:24:53 +0800] 0:0:0:0:0:0:0:1 "GET /cas/favicon.ico HTTP/1.1" 200 (4 ms)
[24/Dec/2023:12:25:54 +0800] 0:0:0:0:0:0:0:1 "GET /cas/login HTTP/1.1" 200 (40 ms)
[24/Dec/2023:12:25:54 +0800] 0:0:0:0:0:0:0:1 "GET /cas/css/cas.css HTTP/1.1" 200 (7 ms)
[24/Dec/2023:12:25:54 +0800] 0:0:0:0:0:0:0:1 "GET /cas/webjars/font-awesome/5.0.13/web-fonts-with-css/css/fontawesome-all.min.css HTTP/1.1" 200 (10 ms)
[24/Dec/2023:12:25:54 +0800] 0:0:0:0:0:0:0:1 "GET /cas/webjars/lato/0.3.0/css/lato.min.css HTTP/1.1" 200 (9 ms)
[24/Dec/2023:12:25:54 +0800] 0:0:0:0:0:0:0:1 "GET /cas/webjars/jquery-cookie/1.4.1-1/jquery.cookie.js HTTP/1.1" 200 (3 ms)
[24/Dec/2023:12:25:54 +0800] 0:0:0:0:0:0:0:1 "GET /cas/webjars/jquery/3.3.1/jquery.min.js HTTP/1.1" 200 (16 ms)
[24/Dec/2023:12:25:54 +0800] 0:0:0:0:0:0:0:1 "GET /cas/js/cas.js HTTP/1.1" 200 (4 ms)
[24/Dec/2023:12:25:54 +0800] 0:0:0:0:0:0:0:1 "GET /cas/webjars/bootstrap/4.1.0/js/bootstrap.bundle.min.js HTTP/1.1" 200 (15 ms)
[24/Dec/2023:12:25:54 +0800] 0:0:0:0:0:0:0:1 "GET /cas/webjars/headjs/1.0.3/head.min.js HTTP/1.1" 200 (9 ms)
[24/Dec/2023:12:25:54 +0800] 0:0:0:0:0:0:0:1 "GET /cas/webjars/jquery-ui/1.12.1/jquery-ui.min.js HTTP/1.1" 200 (28 ms)
[24/Dec/2023:12:25:54 +0800] 0:0:0:0:0:0:0:1 "GET /cas/webjars/jquery/3.3.1/jquery.min.map HTTP/1.1" 200 (7 ms)
[24/Dec/2023:12:25:54 +0800] 0:0:0:0:0:0:0:1 "GET /cas/webjars/store.js/1.3.17/store.min.js HTTP/1.1" 200 (11 ms)
[24/Dec/2023:12:25:54 +0800] 0:0:0:0:0:0:0:1 "GET /cas/webjars/font-awesome/5.0.13/web-fonts-with-css/webfonts/fa-solid-900.woff2 HTTP/1.1" 200 (5 ms)
[24/Dec/2023:12:25:54 +0800] 0:0:0:0:0:0:0:1 "GET /cas/webjars/font-awesome/5.0.13/web-fonts-with-css/webfonts/fa-regular-400.woff2 HTTP/1.1" 200 (5 ms)
[24/Dec/2023:12:25:54 +0800] 0:0:0:0:0:0:0:1 "GET /cas/webjars/zxcvbn/4.3.0/zxcvbn.js HTTP/1.1" 200 (72 ms)
[24/Dec/2023:12:25:54 +0800] 0:0:0:0:0:0:0:1 "GET /cas/webjars/zxcvbn/4.3.0/zxcvbn.js.map HTTP/1.1" 200 (7 ms)
[24/Dec/2023:12:25:54 +0800] 0:0:0:0:0:0:0:1 "GET /cas/webjars/bootstrap/4.1.0/js/bootstrap.bundle.min.js.map HTTP/1.1" 200 (6 ms)
[24/Dec/2023:12:25:54 +0800] 0:0:0:0:0:0:0:1 "GET /cas/favicon.ico HTTP/1.1" 200 (2 ms)
[24/Dec/2023:12:27:51 +0800] 0:0:0:0:0:0:0:1 "GET /cas/login HTTP/1.1" 200 (5455 ms)
[24/Dec/2023:12:27:52 +0800] 0:0:0:0:0:0:0:1 "GET /cas/webjars/lato/0.3.0/css/lato.min.css HTTP/1.1" 200 (19 ms)
[24/Dec/2023:12:27:52 +0800] 0:0:0:0:0:0:0:1 "GET /cas/webjars/font-awesome/5.0.13/web-fonts-with-css/css/fontawesome-all.min.css HTTP/1.1" 200 (21 ms)
[24/Dec/2023:12:27:52 +0800] 0:0:0:0:0:0:0:1 "GET /cas/webjars/jquery-cookie/1.4.1-1/jquery.cookie.js HTTP/1.1" 200 (3 ms)
[24/Dec/2023:12:27:52 +0800] 0:0:0:0:0:0:0:1 "GET /cas/webjars/jquery/3.3.1/jquery.min.js HTTP/1.1" 200 (22 ms)
[24/Dec/2023:12:27:52 +0800] 0:0:0:0:0:0:0:1 "GET /cas/webjars/jquery-ui/1.12.1/jquery-ui.min.js HTTP/1.1" 200 (28 ms)
[24/Dec/2023:12:27:52 +0800] 0:0:0:0:0:0:0:1 "GET /cas/webjars/headjs/1.0.3/head.min.js HTTP/1.1" 200 (8 ms)
[24/Dec/2023:12:27:52 +0800] 0:0:0:0:0:0:0:1 "GET /cas/webjars/store.js/1.3.17/store.min.js HTTP/1.1" 200 (11 ms)
[24/Dec/2023:12:27:52 +0800] 0:0:0:0:0:0:0:1 "GET /cas/webjars/bootstrap/4.1.0/js/bootstrap.bundle.min.js HTTP/1.1" 200 (17 ms)
[24/Dec/2023:12:27:52 +0800] 0:0:0:0:0:0:0:1 "GET /cas/webjars/zxcvbn/4.3.0/zxcvbn.js HTTP/1.1" 200 (67 ms)
[24/Dec/2023:12:27:52 +0800] 0:0:0:0:0:0:0:1 "GET /cas/js/cas.js HTTP/1.1" 200 (328 ms)
[24/Dec/2023:12:27:52 +0800] 0:0:0:0:0:0:0:1 "GET /cas/css/cas.css HTTP/1.1" 200 (359 ms)
[24/Dec/2023:12:27:52 +0800] 0:0:0:0:0:0:0:1 "GET /cas/webjars/font-awesome/5.0.13/web-fonts-with-css/webfonts/fa-solid-900.woff2 HTTP/1.1" 200 (15 ms)
[24/Dec/2023:12:27:52 +0800] 0:0:0:0:0:0:0:1 "GET /cas/webjars/font-awesome/5.0.13/web-fonts-with-css/webfonts/fa-regular-400.woff2 HTTP/1.1" 200 (15 ms)
[24/Dec/2023:12:27:54 +0800] 0:0:0:0:0:0:0:1 "GET /cas/login HTTP/1.1" 200 (45 ms)
[24/Dec/2023:12:27:54 +0800] 0:0:0:0:0:0:0:1 "GET /cas/favicon.ico HTTP/1.1" 200 (11 ms)
[24/Dec/2023:12:27:55 +0800] 0:0:0:0:0:0:0:1 "GET /cas/login HTTP/1.1" 200 (41 ms)
[24/Dec/2023:12:27:56 +0800] 0:0:0:0:0:0:0:1 "GET /cas/login HTTP/1.1" 200 (47 ms)
[24/Dec/2023:12:27:56 +0800] 0:0:0:0:0:0:0:1 "GET /cas/login HTTP/1.1" 200 (37 ms)
[24/Dec/2023:12:27:56 +0800] 0:0:0:0:0:0:0:1 "GET /cas/webjars/lato/0.3.0/css/lato.min.css HTTP/1.1" 304 (5 ms)
[24/Dec/2023:12:27:56 +0800] 0:0:0:0:0:0:0:1 "GET /cas/webjars/jquery-ui/1.12.1/jquery-ui.min.js HTTP/1.1" 304 (3 ms)
[24/Dec/2023:12:27:56 +0800] 0:0:0:0:0:0:0:1 "GET /cas/webjars/jquery/3.3.1/jquery.min.js HTTP/1.1" 304 (5 ms)
[24/Dec/2023:12:27:56 +0800] 0:0:0:0:0:0:0:1 "GET /cas/css/cas.css HTTP/1.1" 304 (4 ms)
[24/Dec/2023:12:27:56 +0800] 0:0:0:0:0:0:0:1 "GET /cas/webjars/zxcvbn/4.3.0/zxcvbn.js HTTP/1.1" 304 (5 ms)
[24/Dec/2023:12:27:56 +0800] 0:0:0:0:0:0:0:1 "GET /cas/webjars/font-awesome/5.0.13/web-fonts-with-css/css/fontawesome-all.min.css HTTP/1.1" 304 (9 ms)
[24/Dec/2023:12:27:56 +0800] 0:0:0:0:0:0:0:1 "GET /cas/webjars/jquery-cookie/1.4.1-1/jquery.cookie.js HTTP/1.1" 304 (3 ms)
[24/Dec/2023:12:27:56 +0800] 0:0:0:0:0:0:0:1 "GET /cas/webjars/headjs/1.0.3/head.min.js HTTP/1.1" 304 (5 ms)
[24/Dec/2023:12:27:56 +0800] 0:0:0:0:0:0:0:1 "GET /cas/webjars/bootstrap/4.1.0/js/bootstrap.bundle.min.js HTTP/1.1" 304 (6 ms)
[24/Dec/2023:12:27:56 +0800] 0:0:0:0:0:0:0:1 "GET /cas/js/cas.js HTTP/1.1" 304 (4 ms)
[24/Dec/2023:12:27:56 +0800] 0:0:0:0:0:0:0:1 "GET /cas/webjars/store.js/1.3.17/store.min.js HTTP/1.1" 304 (6 ms)
[24/Dec/2023:12:27:57 +0800] 0:0:0:0:0:0:0:1 "GET /cas/login HTTP/1.1" 200 (39 ms)
[24/Dec/2023:12:27:57 +0800] 0:0:0:0:0:0:0:1 "GET /cas/login HTTP/1.1" 200 (16 ms)
[24/Dec/2023:12:27:57 +0800] 0:0:0:0:0:0:0:1 "GET /cas/login HTTP/1.1" 200 (21 ms)
[24/Dec/2023:12:27:57 +0800] 0:0:0:0:0:0:0:1 "GET /cas/login HTTP/1.1" 200 (31 ms)
[24/Dec/2023:12:27:57 +0800] 0:0:0:0:0:0:0:1 "GET /cas/login HTTP/1.1" 200 (25 ms)
[24/Dec/2023:12:27:58 +0800] 0:0:0:0:0:0:0:1 "GET /cas/login HTTP/1.1" 200 (24 ms)
[24/Dec/2023:12:27:58 +0800] 0:0:0:0:0:0:0:1 "GET /cas/login HTTP/1.1" 200 (23 ms)
[24/Dec/2023:12:27:58 +0800] 0:0:0:0:0:0:0:1 "GET /cas/login HTTP/1.1" 200 (27 ms)
[24/Dec/2023:12:27:58 +0800] 0:0:0:0:0:0:0:1 "GET /cas/login HTTP/1.1" 200 (22 ms)
[24/Dec/2023:12:27:58 +0800] 0:0:0:0:0:0:0:1 "GET /cas/login HTTP/1.1" 200 (24 ms)
[24/Dec/2023:12:27:58 +0800] 0:0:0:0:0:0:0:1 "GET /cas/login HTTP/1.1" 200 (30 ms)
[24/Dec/2023:12:27:58 +0800] 0:0:0:0:0:0:0:1 "GET /cas/login HTTP/1.1" 200 (24 ms)
[24/Dec/2023:12:27:59 +0800] 0:0:0:0:0:0:0:1 "GET /cas/login HTTP/1.1" 200 (23 ms)
[24/Dec/2023:12:28:08 +0800] 0:0:0:0:0:0:0:1 "GET /cas/css/cas.css HTTP/1.1" 304 (5 ms)
[24/Dec/2023:12:28:08 +0800] 0:0:0:0:0:0:0:1 "GET /cas/webjars/lato/0.3.0/css/lato.min.css HTTP/1.1" 304 (5 ms)
[24/Dec/2023:12:28:08 +0800] 0:0:0:0:0:0:0:1 "GET /cas/webjars/font-awesome/5.0.13/web-fonts-with-css/css/fontawesome-all.min.css HTTP/1.1" 304 (5 ms)
[24/Dec/2023:12:28:08 +0800] 0:0:0:0:0:0:0:1 "GET /cas/webjars/jquery/3.3.1/jquery.min.map HTTP/1.1" 200 (13 ms)
[24/Dec/2023:12:28:08 +0800] 0:0:0:0:0:0:0:1 "GET /cas/webjars/bootstrap/4.1.0/js/bootstrap.bundle.min.js.map HTTP/1.1" 200 (14 ms)
[24/Dec/2023:12:28:08 +0800] 0:0:0:0:0:0:0:1 "GET /cas/webjars/zxcvbn/4.3.0/zxcvbn.js.map HTTP/1.1" 200 (19 ms)
[24/Dec/2023:12:28:11 +0800] 0:0:0:0:0:0:0:1 "GET /cas/login HTTP/1.1" 200 (24 ms)
[24/Dec/2023:12:28:11 +0800] 0:0:0:0:0:0:0:1 "GET /cas/webjars/lato/0.3.0/css/lato.min.css HTTP/1.1" 200 (10 ms)
[24/Dec/2023:12:28:11 +0800] 0:0:0:0:0:0:0:1 "GET /cas/webjars/jquery/3.3.1/jquery.min.js HTTP/1.1" 200 (12 ms)
[24/Dec/2023:12:28:11 +0800] 0:0:0:0:0:0:0:1 "GET /cas/css/cas.css HTTP/1.1" 200 (9 ms)
[24/Dec/2023:12:28:11 +0800] 0:0:0:0:0:0:0:1 "GET /cas/webjars/font-awesome/5.0.13/web-fonts-with-css/css/fontawesome-all.min.css HTTP/1.1" 200 (16 ms)
[24/Dec/2023:12:28:11 +0800] 0:0:0:0:0:0:0:1 "GET /cas/webjars/jquery-cookie/1.4.1-1/jquery.cookie.js HTTP/1.1" 200 (4 ms)
[24/Dec/2023:12:28:11 +0800] 0:0:0:0:0:0:0:1 "GET /cas/webjars/headjs/1.0.3/head.min.js HTTP/1.1" 200 (9 ms)
[24/Dec/2023:12:28:11 +0800] 0:0:0:0:0:0:0:1 "GET /cas/webjars/store.js/1.3.17/store.min.js HTTP/1.1" 200 (10 ms)
[24/Dec/2023:12:28:11 +0800] 0:0:0:0:0:0:0:1 "GET /cas/webjars/jquery-ui/1.12.1/jquery-ui.min.js HTTP/1.1" 200 (26 ms)
[24/Dec/2023:12:28:11 +0800] 0:0:0:0:0:0:0:1 "GET /cas/js/cas.js HTTP/1.1" 200 (6 ms)
[24/Dec/2023:12:28:11 +0800] 0:0:0:0:0:0:0:1 "GET /cas/webjars/jquery/3.3.1/jquery.min.map HTTP/1.1" 200 (7 ms)
[24/Dec/2023:12:28:11 +0800] 0:0:0:0:0:0:0:1 "GET /cas/webjars/bootstrap/4.1.0/js/bootstrap.bundle.min.js HTTP/1.1" 200 (16 ms)
[24/Dec/2023:12:28:11 +0800] 0:0:0:0:0:0:0:1 "GET /cas/webjars/font-awesome/5.0.13/web-fonts-with-css/webfonts/fa-solid-900.woff2 HTTP/1.1" 200 (7 ms)
[24/Dec/2023:12:28:11 +0800] 0:0:0:0:0:0:0:1 "GET /cas/webjars/font-awesome/5.0.13/web-fonts-with-css/webfonts/fa-regular-400.woff2 HTTP/1.1" 200 (7 ms)
[24/Dec/2023:12:28:11 +0800] 0:0:0:0:0:0:0:1 "GET /cas/webjars/zxcvbn/4.3.0/zxcvbn.js HTTP/1.1" 200 (79 ms)
[24/Dec/2023:12:28:11 +0800] 0:0:0:0:0:0:0:1 "GET /cas/webjars/zxcvbn/4.3.0/zxcvbn.js.map HTTP/1.1" 200 (9 ms)
[24/Dec/2023:12:28:12 +0800] 0:0:0:0:0:0:0:1 "GET /cas/webjars/bootstrap/4.1.0/js/bootstrap.bundle.min.js.map HTTP/1.1" 200 (6 ms)
[24/Dec/2023:12:28:12 +0800] 0:0:0:0:0:0:0:1 "GET /cas/favicon.ico HTTP/1.1" 200 (3 ms)
[24/Dec/2023:12:34:11 +0800] 0:0:0:0:0:0:0:1 "GET /cas/login HTTP/1.1" 200 (3411 ms)
[24/Dec/2023:12:34:11 +0800] 0:0:0:0:0:0:0:1 "GET /cas/webjars/lato/0.3.0/css/lato.min.css HTTP/1.1" 200 (14 ms)
[24/Dec/2023:12:34:11 +0800] 0:0:0:0:0:0:0:1 "GET /cas/webjars/jquery-cookie/1.4.1-1/jquery.cookie.js HTTP/1.1" 200 (16 ms)
[24/Dec/2023:12:34:11 +0800] 0:0:0:0:0:0:0:1 "GET /cas/webjars/font-awesome/5.0.13/web-fonts-with-css/css/fontawesome-all.min.css HTTP/1.1" 200 (14 ms)
[24/Dec/2023:12:34:11 +0800] 0:0:0:0:0:0:0:1 "GET /cas/webjars/jquery/3.3.1/jquery.min.js HTTP/1.1" 200 (20 ms)
[24/Dec/2023:12:34:11 +0800] 0:0:0:0:0:0:0:1 "GET /cas/webjars/headjs/1.0.3/head.min.js HTTP/1.1" 200 (7 ms)
[24/Dec/2023:12:34:11 +0800] 0:0:0:0:0:0:0:1 "GET /cas/css/cas.css HTTP/1.1" 200 (10 ms)
[24/Dec/2023:12:34:11 +0800] 0:0:0:0:0:0:0:1 "GET /cas/webjars/store.js/1.3.17/store.min.js HTTP/1.1" 200 (7 ms)
[24/Dec/2023:12:34:11 +0800] 0:0:0:0:0:0:0:1 "GET /cas/webjars/bootstrap/4.1.0/js/bootstrap.bundle.min.js HTTP/1.1" 200 (12 ms)
[24/Dec/2023:12:34:11 +0800] 0:0:0:0:0:0:0:1 "GET /cas/webjars/jquery-ui/1.12.1/jquery-ui.min.js HTTP/1.1" 200 (28 ms)
[24/Dec/2023:12:34:11 +0800] 0:0:0:0:0:0:0:1 "GET /cas/js/cas.js HTTP/1.1" 200 (5 ms)
[24/Dec/2023:12:34:11 +0800] 0:0:0:0:0:0:0:1 "GET /cas/webjars/zxcvbn/4.3.0/zxcvbn.js HTTP/1.1" 200 (70 ms)
[24/Dec/2023:12:34:11 +0800] 0:0:0:0:0:0:0:1 "GET /cas/webjars/font-awesome/5.0.13/web-fonts-with-css/webfonts/fa-regular-400.woff2 HTTP/1.1" 200 (13 ms)
[24/Dec/2023:12:34:11 +0800] 0:0:0:0:0:0:0:1 "GET /cas/webjars/font-awesome/5.0.13/web-fonts-with-css/webfonts/fa-solid-900.woff2 HTTP/1.1" 200 (16 ms)
[24/Dec/2023:13:34:20 +0800] 0:0:0:0:0:0:0:1 "GET /cas/login HTTP/1.1" 200 (3367 ms)
[24/Dec/2023:13:34:20 +0800] 0:0:0:0:0:0:0:1 "GET /cas/webjars/lato/0.3.0/css/lato.min.css HTTP/1.1" 200 (18 ms)
[24/Dec/2023:13:34:20 +0800] 0:0:0:0:0:0:0:1 "GET /cas/webjars/jquery-cookie/1.4.1-1/jquery.cookie.js HTTP/1.1" 200 (16 ms)
[24/Dec/2023:13:34:20 +0800] 0:0:0:0:0:0:0:1 "GET /cas/css/cas.css HTTP/1.1" 200 (19 ms)
[24/Dec/2023:13:34:20 +0800] 0:0:0:0:0:0:0:1 "GET /cas/js/cas.js HTTP/1.1" 200 (4 ms)
[24/Dec/2023:13:34:20 +0800] 0:0:0:0:0:0:0:1 "GET /cas/webjars/jquery/3.3.1/jquery.min.js HTTP/1.1" 200 (25 ms)
[24/Dec/2023:13:34:20 +0800] 0:0:0:0:0:0:0:1 "GET /cas/webjars/headjs/1.0.3/head.min.js HTTP/1.1" 200 (8 ms)
[24/Dec/2023:13:34:20 +0800] 0:0:0:0:0:0:0:1 "GET /cas/webjars/font-awesome/5.0.13/web-fonts-with-css/css/fontawesome-all.min.css HTTP/1.1" 200 (12 ms)
[24/Dec/2023:13:34:20 +0800] 0:0:0:0:0:0:0:1 "GET /cas/webjars/jquery-ui/1.12.1/jquery-ui.min.js HTTP/1.1" 200 (30 ms)
[24/Dec/2023:13:34:20 +0800] 0:0:0:0:0:0:0:1 "GET /cas/webjars/store.js/1.3.17/store.min.js HTTP/1.1" 200 (7 ms)
[24/Dec/2023:13:34:20 +0800] 0:0:0:0:0:0:0:1 "GET /cas/webjars/bootstrap/4.1.0/js/bootstrap.bundle.min.js HTTP/1.1" 200 (11 ms)
[24/Dec/2023:13:34:20 +0800] 0:0:0:0:0:0:0:1 "GET /cas/webjars/zxcvbn/4.3.0/zxcvbn.js HTTP/1.1" 200 (67 ms)
[24/Dec/2023:13:34:20 +0800] 0:0:0:0:0:0:0:1 "GET /cas/webjars/font-awesome/5.0.13/web-fonts-with-css/webfonts/fa-regular-400.woff2 HTTP/1.1" 200 (16 ms)
[24/Dec/2023:13:34:20 +0800] 0:0:0:0:0:0:0:1 "GET /cas/webjars/font-awesome/5.0.13/web-fonts-with-css/webfonts/fa-solid-900.woff2 HTTP/1.1" 200 (16 ms)
[24/Dec/2023:13:34:22 +0800] 0:0:0:0:0:0:0:1 "GET /cas/login HTTP/1.1" 200 (46 ms)
[24/Dec/2023:13:34:22 +0800] 0:0:0:0:0:0:0:1 "GET /cas/favicon.ico HTTP/1.1" 200 (11 ms)
